Using pre-set license
Built from '6000.0/release' branch; Version is '6000.0.29f1 (9fafe5c9db65) revision 10465253'; Using compiler version '193933523'; Build Type 'Release'
OS: 'Windows 11  (10.0.22631) 64bit Professional' Language: 'ko' Physical Memory: 16322 MB
BatchMode: 1, IsHumanControllingUs: 0, StartBugReporterOnCrash: 0, Is64bit: 1, IsPro: 1

COMMAND LINE ARGUMENTS:
C:\Program Files\Unity\Hub\Editor\6000.0.29f1\Editor\Unity.exe
-adb2
-batchMode
-noUpm
-name
AssetImportWorker1
-projectPath
C:/Users/tojin/My project (1)
-logFile
Logs/AssetImportWorker1.log
-srvPort
10187
-job-worker-count
2
-background-job-worker-count
8
-asset-garbage-collectors
1
Successfully changed project path to: C:/Users/tojin/My project (1)
C:/Users/tojin/My project (1)
[UnityMemory] Configuration Parameters - Can be set up in boot.config
    "memorysetup-bucket-allocator-granularity=16"
    "memorysetup-bucket-allocator-bucket-count=8"
    "memorysetup-bucket-allocator-block-size=33554432"
    "memorysetup-bucket-allocator-block-count=8"
    "memorysetup-main-allocator-block-size=16777216"
    "memorysetup-thread-allocator-block-size=16777216"
    "memorysetup-gfx-main-allocator-block-size=16777216"
    "memorysetup-gfx-thread-allocator-block-size=16777216"
    "memorysetup-cache-allocator-block-size=4194304"
    "memorysetup-typetree-allocator-block-size=2097152"
    "memorysetup-profiler-bucket-allocator-granularity=16"
    "memorysetup-profiler-bucket-allocator-bucket-count=8"
    "memorysetup-profiler-bucket-allocator-block-size=33554432"
    "memorysetup-profiler-bucket-allocator-block-count=8"
    "memorysetup-profiler-allocator-block-size=16777216"
    "memorysetup-profiler-editor-allocator-block-size=1048576"
    "memorysetup-temp-allocator-size-main=16777216"
    "memorysetup-job-temp-allocator-block-size=2097152"
    "memorysetup-job-temp-allocator-block-size-background=1048576"
    "memorysetup-job-temp-allocator-reduction-small-platforms=262144"
    "memorysetup-allocator-temp-initial-block-size-main=262144"
    "memorysetup-allocator-temp-initial-block-size-worker=262144"
    "memorysetup-temp-allocator-size-background-worker=32768"
    "memorysetup-temp-allocator-size-job-worker=262144"
    "memorysetup-temp-allocator-size-preload-manager=33554432"
    "memorysetup-temp-allocator-size-nav-mesh-worker=65536"
    "memorysetup-temp-allocator-size-audio-worker=65536"
    "memorysetup-temp-allocator-size-cloud-worker=32768"
    "memorysetup-temp-allocator-size-gi-baking-worker=262144"
    "memorysetup-temp-allocator-size-gi-baking-worker=262144"
    "memorysetup-temp-allocator-size-gi-baking-worker=262144"
    "memorysetup-temp-allocator-size-gi-baking-worker=262144"
    "memorysetup-temp-allocator-size-gi-baking-worker=262144"
    "memorysetup-temp-allocator-size-gfx=262144"
Player connection [19748]  Target information:

Player connection [19748]  * "[IP] 192.168.168.104 [Port] 0 [Flags] 2 [Guid] 2474302784 [EditorId] 2474302784 [Version] 1048832 [Id] WindowsEditor(7,haesol) [Debug] 1 [PackageName] WindowsEditor [ProjectName] Editor" 

Player connection [19748] Host joined multi-casting on [225.0.0.222:54997]...
Player connection [19748] Host joined alternative multi-casting on [225.0.0.222:34997]...
JobSystem: Creating JobQueue using job-worker-count value 2
[Physics::Module] Initialized fallback backend.
[Physics::Module] Id: 0xdecafbad
Library Redirect Path: Library/
[Physics::Module] Selected backend.
[Physics::Module] Name: PhysX
[Physics::Module] Id: 0xf2b8ea05
[Physics::Module] SDK Version: 4.1.2
[Physics::Module] Integration Version: 1.0.0
[Physics::Module] Threading Mode: Multi-Threaded
Refreshing native plugins compatible for Editor in 4.75 ms, found 6 plugins.
Preloading 0 native plugins for Editor in 0.00 ms.
Initialize engine version: 6000.0.29f1 (9fafe5c9db65)
[Subsystems] Discovering subsystems at path C:/Program Files/Unity/Hub/Editor/6000.0.29f1/Editor/Data/Resources/UnitySubsystems
[Subsystems] Discovering subsystems at path C:/Users/tojin/My project (1)/Assets
GfxDevice: creating device client; kGfxThreadingModeNonThreaded
Direct3D:
    Version:  Direct3D 11.0 [level 11.1]
    Renderer: NVIDIA GeForce GTX 1060 3GB (ID=0x1c02)
    Vendor:   NVIDIA
    VRAM:     2988 MB
    Driver:   27.21.14.5671
Initialize mono
Mono path[0] = 'C:/Program Files/Unity/Hub/Editor/6000.0.29f1/Editor/Data/Managed'
Mono path[1] = 'C:/Program Files/Unity/Hub/Editor/6000.0.29f1/Editor/Data/MonoBleedingEdge/lib/mono/unityjit-win32'
Mono config path = 'C:/Program Files/Unity/Hub/Editor/6000.0.29f1/Editor/Data/MonoBleedingEdge/etc'
Using monoOptions --debugger-agent=transport=dt_socket,embedding=1,server=y,suspend=n,address=127.0.0.1:56196
Begin MonoManager ReloadAssembly
Registering precompiled unity dll's ...
Register platform support module: C:/Program Files/Unity/Hub/Editor/6000.0.29f1/Editor/Data/PlaybackEngines/WebGLSupport/UnityEditor.WebGL.Extensions.dll
Register platform support module: C:/Program Files/Unity/Hub/Editor/6000.0.29f1/Editor/Data/PlaybackEngines/WindowsStandaloneSupport/UnityEditor.WindowsStandalone.Extensions.dll
Registered in 0.004346 seconds.
- Loaded All Assemblies, in  0.562 seconds
Native extension for WindowsStandalone target not found
Native extension for WebGL target not found
Mono: successfully reloaded assembly
- Finished resetting the current domain, in  0.881 seconds
Domain Reload Profiling: 1439ms
	BeginReloadAssembly (184ms)
		ExecutionOrderSort (0ms)
		DisableScriptedObjects (0ms)
		BackupInstance (0ms)
		ReleaseScriptingObjects (0ms)
		CreateAndSetChildDomain (1ms)
	RebuildCommonClasses (54ms)
	RebuildNativeTypeToScriptingClass (17ms)
	initialDomainReloadingComplete (68ms)
	LoadAllAssembliesAndSetupDomain (235ms)
		LoadAssemblies (182ms)
		RebuildTransferFunctionScriptingTraits (0ms)
		AnalyzeDomain (231ms)
			TypeCache.Refresh (229ms)
				TypeCache.ScanAssembly (209ms)
			BuildScriptInfoCaches (0ms)
			ResolveRequiredComponents (1ms)
	FinalizeReload (881ms)
		ReleaseScriptCaches (0ms)
		RebuildScriptCaches (0ms)
		SetupLoadedEditorAssemblies (796ms)
			LogAssemblyErrors (0ms)
			InitializePlatformSupportModulesInManaged (47ms)
			SetLoadedEditorAssemblies (7ms)
			BeforeProcessingInitializeOnLoad (13ms)
			ProcessInitializeOnLoadAttributes (596ms)
			ProcessInitializeOnLoadMethodAttributes (129ms)
			AfterProcessingInitializeOnLoad (4ms)
			EditorAssembliesLoaded (0ms)
		ExecutionOrderSort2 (0ms)
		AwakeInstancesAfterBackupRestoration (0ms)
========================================================================
Worker process is ready to serve import requests
Import Worker Mode flag is 0x00
Begin MonoManager ReloadAssembly
Asset path could not be found for script compilation file '/Assets/SteamVR/OpenVRUnityXRPackage/Editor/OpenVRPackageInstaller.cs'
Asset path could not be found for script compilation file '/Assets/SteamVR/OpenVRUnityXRPackage/Editor/OpenVRSimpleJSON.cs'
- Loaded All Assemblies, in  1.269 seconds
Refreshing native plugins compatible for Editor in 3.54 ms, found 6 plugins.
Native extension for WindowsStandalone target not found
Native extension for WebGL target not found
Package Manager log level set to [2]
[Package Manager] Failed to launch server process. Reason: Unity was launched with the -noUpm command-line argument
[Package Manager] Unable to send message (not connected to server process).
[Package Manager] Cannot connect to Unity Package Manager local server
Refreshing native plugins compatible for Editor in 6.65 ms, found 6 plugins.
Mono: successfully reloaded assembly
[Package Manager] Failed to launch server process. Reason: Unity was launched with the -noUpm command-line argument
[Package Manager] Unable to send message (not connected to server process).
[Package Manager] Cannot connect to Unity Package Manager local server
[Package Manager] Failed to launch server process. Reason: Unity was launched with the -noUpm command-line argument
[Package Manager] Unable to send message (not connected to server process).
[Package Manager] Cannot connect to Unity Package Manager local server
- Finished resetting the current domain, in  2.065 seconds
Domain Reload Profiling: 3329ms
	BeginReloadAssembly (311ms)
		ExecutionOrderSort (0ms)
		DisableScriptedObjects (11ms)
		BackupInstance (0ms)
		ReleaseScriptingObjects (0ms)
		CreateAndSetChildDomain (39ms)
	RebuildCommonClasses (114ms)
	RebuildNativeTypeToScriptingClass (22ms)
	initialDomainReloadingComplete (73ms)
	LoadAllAssembliesAndSetupDomain (742ms)
		LoadAssemblies (574ms)
		RebuildTransferFunctionScriptingTraits (0ms)
		AnalyzeDomain (359ms)
			TypeCache.Refresh (266ms)
				TypeCache.ScanAssembly (245ms)
			BuildScriptInfoCaches (78ms)
			ResolveRequiredComponents (11ms)
	FinalizeReload (2066ms)
		ReleaseScriptCaches (0ms)
		RebuildScriptCaches (0ms)
		SetupLoadedEditorAssemblies (1902ms)
			LogAssemblyErrors (0ms)
			InitializePlatformSupportModulesInManaged (3ms)
			SetLoadedEditorAssemblies (6ms)
			BeforeProcessingInitializeOnLoad (73ms)
			ProcessInitializeOnLoadAttributes (1776ms)
			ProcessInitializeOnLoadMethodAttributes (32ms)
			AfterProcessingInitializeOnLoad (10ms)
			EditorAssembliesLoaded (0ms)
		ExecutionOrderSort2 (0ms)
		AwakeInstancesAfterBackupRestoration (8ms)
Launched and connected shader compiler UnityShaderCompiler.exe after 0.02 seconds
Refreshing native plugins compatible for Editor in 3.46 ms, found 6 plugins.
Preloading 0 native plugins for Editor in 0.00 ms.
Unloading 20 Unused Serialized files (Serialized files now loaded: 0)
Unloading 3971 unused Assets / (1.0 MB). Loaded Objects now: 4479.
Memory consumption went from 88.3 MB to 87.3 MB.
Total: 7.049900 ms (FindLiveObjects: 0.581400 ms CreateObjectMapping: 0.728800 ms MarkObjects: 4.423500 ms  DeleteObjects: 1.314400 ms)

========================================================================
Received Prepare
Begin MonoManager ReloadAssembly
- Loaded All Assemblies, in  0.910 seconds
Refreshing native plugins compatible for Editor in 3.09 ms, found 6 plugins.
Native extension for WindowsStandalone target not found
Native extension for WebGL target not found
[Package Manager] Failed to launch server process. Reason: Unity was launched with the -noUpm command-line argument
[Package Manager] Unable to send message (not connected to server process).
[Package Manager] Cannot connect to Unity Package Manager local server
Mono: successfully reloaded assembly
[Package Manager] Failed to launch server process. Reason: Unity was launched with the -noUpm command-line argument
[Package Manager] Unable to send message (not connected to server process).
[Package Manager] Cannot connect to Unity Package Manager local server
- Finished resetting the current domain, in  0.829 seconds
Domain Reload Profiling: 1742ms
	BeginReloadAssembly (253ms)
		ExecutionOrderSort (0ms)
		DisableScriptedObjects (8ms)
		BackupInstance (0ms)
		ReleaseScriptingObjects (0ms)
		CreateAndSetChildDomain (62ms)
	RebuildCommonClasses (48ms)
	RebuildNativeTypeToScriptingClass (18ms)
	initialDomainReloadingComplete (33ms)
	LoadAllAssembliesAndSetupDomain (561ms)
		LoadAssemblies (399ms)
		RebuildTransferFunctionScriptingTraits (0ms)
		AnalyzeDomain (290ms)
			TypeCache.Refresh (20ms)
				TypeCache.ScanAssembly (8ms)
			BuildScriptInfoCaches (252ms)
			ResolveRequiredComponents (13ms)
	FinalizeReload (830ms)
		ReleaseScriptCaches (0ms)
		RebuildScriptCaches (0ms)
		SetupLoadedEditorAssemblies (669ms)
			LogAssemblyErrors (0ms)
			InitializePlatformSupportModulesInManaged (4ms)
			SetLoadedEditorAssemblies (6ms)
			BeforeProcessingInitializeOnLoad (71ms)
			ProcessInitializeOnLoadAttributes (548ms)
			ProcessInitializeOnLoadMethodAttributes (30ms)
			AfterProcessingInitializeOnLoad (9ms)
			EditorAssembliesLoaded (0ms)
		ExecutionOrderSort2 (0ms)
		AwakeInstancesAfterBackupRestoration (8ms)
Refreshing native plugins compatible for Editor in 3.39 ms, found 6 plugins.
Preloading 0 native plugins for Editor in 0.00 ms.
Unloading 1 Unused Serialized files (Serialized files now loaded: 0)
Unloading 3969 unused Assets / (1.2 MB). Loaded Objects now: 4481.
Memory consumption went from 84.6 MB to 83.5 MB.
Total: 7.997400 ms (FindLiveObjects: 0.628700 ms CreateObjectMapping: 1.230900 ms MarkObjects: 4.744300 ms  DeleteObjects: 1.391600 ms)

Prepare: number of updated asset objects reloaded= 0
========================================================================
Received Import Request.
  Time since last request: 4049.696541 seconds.
  path: Assets/SteamVR
  artifactKey: Guid(e3423b8e365408843aaca57375806d2f) Importer(815301076,1909f56bfc062723c751e8b465ee728b)
Start importing Assets/SteamVR using Guid(e3423b8e365408843aaca57375806d2f) Importer(815301076,1909f56bfc062723c751e8b465ee728b) (PreviewImporter) -> (artifact id: 'bdc53ba602297166ea09245314d3dbd3') in 0.007355 seconds
Number of updated asset objects reloaded before import = 0Number of asset objects unloaded after import = 0

========================================================================
Received Import Request.
  Time since last request: 0.045931 seconds.
  path: Assets/SteamVR/SteamVR.asmdef
  artifactKey: Guid(1fbf338ef6b952a448262a7ff7df5fe4) Importer(815301076,1909f56bfc062723c751e8b465ee728b)
Start importing Assets/SteamVR/SteamVR.asmdef using Guid(1fbf338ef6b952a448262a7ff7df5fe4) Importer(815301076,1909f56bfc062723c751e8b465ee728b) (PreviewImporter) -> (artifact id: '0758445a2e900f327ae0004c0c7ac545') in 0.0008849 seconds
Number of updated asset objects reloaded before import = 0Number of asset objects unloaded after import = 0

========================================================================
Received Import Request.
  Time since last request: 1.346179 seconds.
  path: Assets/SteamVR/InteractionSystem
  artifactKey: Guid(c8941a9f98c35d84cb19a5e044467de9) Importer(815301076,1909f56bfc062723c751e8b465ee728b)
Start importing Assets/SteamVR/InteractionSystem using Guid(c8941a9f98c35d84cb19a5e044467de9) Importer(815301076,1909f56bfc062723c751e8b465ee728b) (PreviewImporter) -> (artifact id: '2cb64ecf9fd5e431e37fd87de6b3fe22') in 0.0005453 seconds
Number of updated asset objects reloaded before import = 0Number of asset objects unloaded after import = 0

========================================================================
Received Import Request.
  Time since last request: 1.745640 seconds.
  path: Assets/SteamVR/InteractionSystem/Samples
  artifactKey: Guid(bd2dd58615e1ced41ae3178451fab370) Importer(815301076,1909f56bfc062723c751e8b465ee728b)
Start importing Assets/SteamVR/InteractionSystem/Samples using Guid(bd2dd58615e1ced41ae3178451fab370) Importer(815301076,1909f56bfc062723c751e8b465ee728b) (PreviewImporter) -> (artifact id: '38eda88750d43e9b6b01883695df3b2d') in 0.0006863 seconds
Number of updated asset objects reloaded before import = 0Number of asset objects unloaded after import = 0

========================================================================
Received Import Request.
  Time since last request: 1.073171 seconds.
  path: Assets/SteamVR/InteractionSystem/Samples/Interactions_Example.unity
  artifactKey: Guid(e3b77830391f10343929883b18f4d5ae) Importer(815301076,1909f56bfc062723c751e8b465ee728b)
Start importing Assets/SteamVR/InteractionSystem/Samples/Interactions_Example.unity using Guid(e3b77830391f10343929883b18f4d5ae) Importer(815301076,1909f56bfc062723c751e8b465ee728b) (PreviewImporter) -> (artifact id: '7e71782c76762feaa24eae536b967f7e') in 0.0012405 seconds
Number of updated asset objects reloaded before import = 0Number of asset objects unloaded after import = 0

========================================================================
Received Import Request.
  Time since last request: 21.359458 seconds.
  path: Assets/XR
  artifactKey: Guid(936815151c17115468e40d5583f6d57c) Importer(815301076,1909f56bfc062723c751e8b465ee728b)
Start importing Assets/XR using Guid(936815151c17115468e40d5583f6d57c) Importer(815301076,1909f56bfc062723c751e8b465ee728b) (PreviewImporter) -> (artifact id: '2e53d0e55acc89694990193d3624f961') in 0.000798 seconds
Number of updated asset objects reloaded before import = 0Number of asset objects unloaded after import = 0

========================================================================
Received Import Request.
  Time since last request: 0.046737 seconds.
  path: Assets/XR/XRGeneralSettingsPerBuildTarget.asset
  artifactKey: Guid(93e1f76a881a58547ae545c3b6b73f87) Importer(815301076,1909f56bfc062723c751e8b465ee728b)
Start importing Assets/XR/XRGeneralSettingsPerBuildTarget.asset using Guid(93e1f76a881a58547ae545c3b6b73f87) Importer(815301076,1909f56bfc062723c751e8b465ee728b) (PreviewImporter) -> (artifact id: 'b7ccdcd2a5852954f7fd025d17f77967') in 0.1356183 seconds
Number of updated asset objects reloaded before import = 0Number of asset objects unloaded after import = 4

========================================================================
Received Import Request.
  Time since last request: 9.673747 seconds.
  path: Assets/Scenes
  artifactKey: Guid(9c53962885c2c4f449125a979d6ad240) Importer(815301076,1909f56bfc062723c751e8b465ee728b)
Start importing Assets/Scenes using Guid(9c53962885c2c4f449125a979d6ad240) Importer(815301076,1909f56bfc062723c751e8b465ee728b) (PreviewImporter) -> (artifact id: 'd65b75f456837a3494a5e6e744543932') in 0.0014277 seconds
Number of updated asset objects reloaded before import = 0Number of asset objects unloaded after import = 0

========================================================================
Received Import Request.
  Time since last request: 21.797643 seconds.
  path: Assets/SteamVR/Scripts
  artifactKey: Guid(d88af1b1098a33a42bc43c910c864102) Importer(815301076,1909f56bfc062723c751e8b465ee728b)
Start importing Assets/SteamVR/Scripts using Guid(d88af1b1098a33a42bc43c910c864102) Importer(815301076,1909f56bfc062723c751e8b465ee728b) (PreviewImporter) -> (artifact id: '397f323617fe36ad677039146c1d845e') in 0.0007026 seconds
Number of updated asset objects reloaded before import = 0Number of asset objects unloaded after import = 0

========================================================================
Received Import Request.
  Time since last request: 70.030969 seconds.
  path: Assets/SteamVR_Resources
  artifactKey: Guid(0bc4f3c9840b9df42b6928f645af1f5a) Importer(815301076,1909f56bfc062723c751e8b465ee728b)
Start importing Assets/SteamVR_Resources using Guid(0bc4f3c9840b9df42b6928f645af1f5a) Importer(815301076,1909f56bfc062723c751e8b465ee728b) (PreviewImporter) -> (artifact id: '0965fc177b7baaf4f76a75b66c90ee93') in 0.0010657 seconds
Number of updated asset objects reloaded before import = 0Number of asset objects unloaded after import = 0

========================================================================
Received Import Request.
  Time since last request: 0.546699 seconds.
  path: Assets/SteamVR_Resources/Resources
  artifactKey: Guid(a5d0e7c5fd30530468fcefa4bc6327ad) Importer(815301076,1909f56bfc062723c751e8b465ee728b)
Start importing Assets/SteamVR_Resources/Resources using Guid(a5d0e7c5fd30530468fcefa4bc6327ad) Importer(815301076,1909f56bfc062723c751e8b465ee728b) (PreviewImporter) -> (artifact id: '020800b993cb58337ae71d973c66b00a') in 0.0005983 seconds
Number of updated asset objects reloaded before import = 0Number of asset objects unloaded after import = 0

========================================================================
Received Import Request.
  Time since last request: 0.039552 seconds.
  path: Assets/SteamVR_Resources/Resources/SteamVR_Settings.asset
  artifactKey: Guid(d70e6809ee3876c40abbe712fea34d9c) Importer(815301076,1909f56bfc062723c751e8b465ee728b)
Start importing Assets/SteamVR_Resources/Resources/SteamVR_Settings.asset using Guid(d70e6809ee3876c40abbe712fea34d9c) Importer(815301076,1909f56bfc062723c751e8b465ee728b) (PreviewImporter) -> (artifact id: '15d546236ac31f14215f5f96e84148f3') in 0.0120485 seconds
Number of updated asset objects reloaded before import = 0Number of asset objects unloaded after import = 1

========================================================================
Received Prepare
Begin MonoManager ReloadAssembly
- Loaded All Assemblies, in  1.017 seconds
Refreshing native plugins compatible for Editor in 3.38 ms, found 6 plugins.
Native extension for WindowsStandalone target not found
Native extension for WebGL target not found
[Package Manager] Failed to launch server process. Reason: Unity was launched with the -noUpm command-line argument
[Package Manager] Unable to send message (not connected to server process).
[Package Manager] Cannot connect to Unity Package Manager local server
Mono: successfully reloaded assembly
[Package Manager] Failed to launch server process. Reason: Unity was launched with the -noUpm command-line argument
[Package Manager] Unable to send message (not connected to server process).
[Package Manager] Cannot connect to Unity Package Manager local server
- Finished resetting the current domain, in  0.797 seconds
Domain Reload Profiling: 1811ms
	BeginReloadAssembly (324ms)
		ExecutionOrderSort (0ms)
		DisableScriptedObjects (7ms)
		BackupInstance (0ms)
		ReleaseScriptingObjects (0ms)
		CreateAndSetChildDomain (80ms)
	RebuildCommonClasses (54ms)
	RebuildNativeTypeToScriptingClass (30ms)
	initialDomainReloadingComplete (63ms)
	LoadAllAssembliesAndSetupDomain (542ms)
		LoadAssemblies (486ms)
		RebuildTransferFunctionScriptingTraits (0ms)
		AnalyzeDomain (239ms)
			TypeCache.Refresh (12ms)
				TypeCache.ScanAssembly (0ms)
			BuildScriptInfoCaches (213ms)
			ResolveRequiredComponents (10ms)
	FinalizeReload (797ms)
		ReleaseScriptCaches (0ms)
		RebuildScriptCaches (0ms)
		SetupLoadedEditorAssemblies (601ms)
			LogAssemblyErrors (0ms)
			InitializePlatformSupportModulesInManaged (4ms)
			SetLoadedEditorAssemblies (5ms)
			BeforeProcessingInitializeOnLoad (60ms)
			ProcessInitializeOnLoadAttributes (493ms)
			ProcessInitializeOnLoadMethodAttributes (29ms)
			AfterProcessingInitializeOnLoad (9ms)
			EditorAssembliesLoaded (0ms)
		ExecutionOrderSort2 (0ms)
		AwakeInstancesAfterBackupRestoration (8ms)
Refreshing native plugins compatible for Editor in 5.33 ms, found 6 plugins.
Preloading 0 native plugins for Editor in 0.00 ms.
Unloading 0 Unused Serialized files (Serialized files now loaded: 0)
Unloading 3970 unused Assets / (2.5 MB). Loaded Objects now: 4486.
Memory consumption went from 85.1 MB to 82.6 MB.
Total: 12.968100 ms (FindLiveObjects: 0.828300 ms CreateObjectMapping: 1.159700 ms MarkObjects: 6.225000 ms  DeleteObjects: 4.752500 ms)

Prepare: number of updated asset objects reloaded= 0
========================================================================
Received Import Request.
  Time since last request: 52.030743 seconds.
  path: Assets/Stylize Snow Texture
  artifactKey: Guid(3945cf67f9c1e2f41919c89b7ebd8f6e) Importer(815301076,1909f56bfc062723c751e8b465ee728b)
Start importing Assets/Stylize Snow Texture using Guid(3945cf67f9c1e2f41919c89b7ebd8f6e) Importer(815301076,1909f56bfc062723c751e8b465ee728b) (PreviewImporter) -> (artifact id: '01031f270eda4405ca926d864a084a22') in 0.0019015 seconds
Number of updated asset objects reloaded before import = 0Number of asset objects unloaded after import = 0

========================================================================
Received Import Request.
  Time since last request: 5.504879 seconds.
  path: Assets/Realistic Hail Set
  artifactKey: Guid(9a1e9cefbd05a0b4ea182c453a27c27d) Importer(815301076,1909f56bfc062723c751e8b465ee728b)
Start importing Assets/Realistic Hail Set using Guid(9a1e9cefbd05a0b4ea182c453a27c27d) Importer(815301076,1909f56bfc062723c751e8b465ee728b) (PreviewImporter) -> (artifact id: '054beafa238d7fbb73690bded878119d') in 0.0008196 seconds
Number of updated asset objects reloaded before import = 0Number of asset objects unloaded after import = 0

========================================================================
Received Import Request.
  Time since last request: 4.683685 seconds.
  path: Assets/Realistic Hail Set/Prefabs
  artifactKey: Guid(d6dcca69adc6c1847a6e8b6671974025) Importer(815301076,1909f56bfc062723c751e8b465ee728b)
Start importing Assets/Realistic Hail Set/Prefabs using Guid(d6dcca69adc6c1847a6e8b6671974025) Importer(815301076,1909f56bfc062723c751e8b465ee728b) (PreviewImporter) -> (artifact id: 'b8695e143b30598bee6410815d0780fe') in 0.0006072 seconds
Number of updated asset objects reloaded before import = 0Number of asset objects unloaded after import = 0

========================================================================
Received Import Request.
  Time since last request: 0.032872 seconds.
  path: Assets/Realistic Hail Set/Prefabs/Hail - Heavy.prefab
  artifactKey: Guid(950f8b7b75b0e45949ba0a337607535c) Importer(815301076,1909f56bfc062723c751e8b465ee728b)
Start importing Assets/Realistic Hail Set/Prefabs/Hail - Heavy.prefab using Guid(950f8b7b75b0e45949ba0a337607535c) Importer(815301076,1909f56bfc062723c751e8b465ee728b) (PreviewImporter) -> (artifact id: '6c776bdad23ad88c94082ce67d84ff2d') in 0.1914647 seconds
Number of updated asset objects reloaded before import = 0Number of asset objects unloaded after import = 8

========================================================================
Received Import Request.
  Time since last request: 0.000022 seconds.
  path: Assets/Realistic Hail Set/Prefabs/Hail - Heavy - NoGround.prefab
  artifactKey: Guid(da60e5460ab2b4a479d4ac2293e0c824) Importer(815301076,1909f56bfc062723c751e8b465ee728b)
Start importing Assets/Realistic Hail Set/Prefabs/Hail - Heavy - NoGround.prefab using Guid(da60e5460ab2b4a479d4ac2293e0c824) Importer(815301076,1909f56bfc062723c751e8b465ee728b) (PreviewImporter) -> (artifact id: 'a78c273ec25c40e3f791abceee7120b8') in 0.011379 seconds
Number of updated asset objects reloaded before import = 0Number of asset objects unloaded after import = 8

========================================================================
Received Import Request.
  Time since last request: 0.000028 seconds.
  path: Assets/Realistic Hail Set/Prefabs/Hail - Medium - NoGround.prefab
  artifactKey: Guid(d4a05104d1cac46d48fd2fdf0685fbf8) Importer(815301076,1909f56bfc062723c751e8b465ee728b)
Start importing Assets/Realistic Hail Set/Prefabs/Hail - Medium - NoGround.prefab using Guid(d4a05104d1cac46d48fd2fdf0685fbf8) Importer(815301076,1909f56bfc062723c751e8b465ee728b) (PreviewImporter) -> (artifact id: '618e237ff3bb8d1c14bf76f5252dc403') in 0.0149251 seconds
Number of updated asset objects reloaded before import = 0Number of asset objects unloaded after import = 8

========================================================================
Received Import Request.
  Time since last request: 0.000014 seconds.
  path: Assets/Realistic Hail Set/Prefabs/Hail - Medium.prefab
  artifactKey: Guid(68675b6de826c4b76bca37c1253d0c61) Importer(815301076,1909f56bfc062723c751e8b465ee728b)
Start importing Assets/Realistic Hail Set/Prefabs/Hail - Medium.prefab using Guid(68675b6de826c4b76bca37c1253d0c61) Importer(815301076,1909f56bfc062723c751e8b465ee728b) (PreviewImporter) -> (artifact id: '271608c77d0eac2c8a024e48e2915c08') in 0.0094049 seconds
Number of updated asset objects reloaded before import = 0Number of asset objects unloaded after import = 8

========================================================================
Received Import Request.
  Time since last request: 0.000021 seconds.
  path: Assets/Realistic Hail Set/Prefabs/Hail - Medium - NoExternalForces.prefab
  artifactKey: Guid(a5d85d4aae15646ac9e09fa27c16ee50) Importer(815301076,1909f56bfc062723c751e8b465ee728b)
Start importing Assets/Realistic Hail Set/Prefabs/Hail - Medium - NoExternalForces.prefab using Guid(a5d85d4aae15646ac9e09fa27c16ee50) Importer(815301076,1909f56bfc062723c751e8b465ee728b) (PreviewImporter) -> (artifact id: '3d29dd6f463cf76b4517f1ba22fa52af') in 0.0085436 seconds
Number of updated asset objects reloaded before import = 0Number of asset objects unloaded after import = 8

========================================================================
Received Import Request.
  Time since last request: 0.000016 seconds.
  path: Assets/Realistic Hail Set/Prefabs/Hail - Medium - NoExternalForces NoGround.prefab
  artifactKey: Guid(a8bd04928e60641268098ee44728b282) Importer(815301076,1909f56bfc062723c751e8b465ee728b)
Start importing Assets/Realistic Hail Set/Prefabs/Hail - Medium - NoExternalForces NoGround.prefab using Guid(a8bd04928e60641268098ee44728b282) Importer(815301076,1909f56bfc062723c751e8b465ee728b) (PreviewImporter) -> (artifact id: 'a50e45152193bdc3c3da91e5150bfbb5') in 0.0089301 seconds
Number of updated asset objects reloaded before import = 0Number of asset objects unloaded after import = 8

========================================================================
Received Import Request.
  Time since last request: 0.000015 seconds.
  path: Assets/Realistic Hail Set/Prefabs/Hail - Soft - NoExternalForces.prefab
  artifactKey: Guid(5badd1c20b11e485886819f781ece5c6) Importer(815301076,1909f56bfc062723c751e8b465ee728b)
Start importing Assets/Realistic Hail Set/Prefabs/Hail - Soft - NoExternalForces.prefab using Guid(5badd1c20b11e485886819f781ece5c6) Importer(815301076,1909f56bfc062723c751e8b465ee728b) (PreviewImporter) -> (artifact id: '3d3c9ec01cbddd585e6502a6d67e7101') in 0.0164152 seconds
Number of updated asset objects reloaded before import = 0Number of asset objects unloaded after import = 8

========================================================================
Received Import Request.
  Time since last request: 0.000022 seconds.
  path: Assets/Realistic Hail Set/Prefabs/Hail - Soft - NoExternalForces NoGround.prefab
  artifactKey: Guid(faa016b8b9d3f46989744f35b83082cf) Importer(815301076,1909f56bfc062723c751e8b465ee728b)
Start importing Assets/Realistic Hail Set/Prefabs/Hail - Soft - NoExternalForces NoGround.prefab using Guid(faa016b8b9d3f46989744f35b83082cf) Importer(815301076,1909f56bfc062723c751e8b465ee728b) (PreviewImporter) -> (artifact id: '4438eb551721c19e3e68a38febaad2c4') in 0.0090522 seconds
Number of updated asset objects reloaded before import = 0Number of asset objects unloaded after import = 8

========================================================================
Received Import Request.
  Time since last request: 0.000022 seconds.
  path: Assets/Realistic Hail Set/Prefabs/Hail - Heavy - NoExternalForces.prefab
  artifactKey: Guid(c115264a3bdfe40778535c97bd863f42) Importer(815301076,1909f56bfc062723c751e8b465ee728b)
Start importing Assets/Realistic Hail Set/Prefabs/Hail - Heavy - NoExternalForces.prefab using Guid(c115264a3bdfe40778535c97bd863f42) Importer(815301076,1909f56bfc062723c751e8b465ee728b) (PreviewImporter) -> (artifact id: '0aa0647f3d33ccaaf89dd5a390379246') in 0.0087794 seconds
Number of updated asset objects reloaded before import = 0Number of asset objects unloaded after import = 8

========================================================================
Received Import Request.
  Time since last request: 0.000021 seconds.
  path: Assets/Realistic Hail Set/Prefabs/Hail - Soft - NoGround.prefab
  artifactKey: Guid(860341fea059b4058a140f4b9c81947c) Importer(815301076,1909f56bfc062723c751e8b465ee728b)
Start importing Assets/Realistic Hail Set/Prefabs/Hail - Soft - NoGround.prefab using Guid(860341fea059b4058a140f4b9c81947c) Importer(815301076,1909f56bfc062723c751e8b465ee728b) (PreviewImporter) -> (artifact id: 'd1b56025e3d46f11cf4a4bfd420d8563') in 0.0101724 seconds
Number of updated asset objects reloaded before import = 0Number of asset objects unloaded after import = 8

========================================================================
Received Import Request.
  Time since last request: 0.000015 seconds.
  path: Assets/Realistic Hail Set/Prefabs/Hail - Soft.prefab
  artifactKey: Guid(308b9676ced52433b9d9674b18bbe16a) Importer(815301076,1909f56bfc062723c751e8b465ee728b)
Start importing Assets/Realistic Hail Set/Prefabs/Hail - Soft.prefab using Guid(308b9676ced52433b9d9674b18bbe16a) Importer(815301076,1909f56bfc062723c751e8b465ee728b) (PreviewImporter) -> (artifact id: '6b2df53da3c990a836c67bed7b76b13e') in 0.0087681 seconds
Number of updated asset objects reloaded before import = 0Number of asset objects unloaded after import = 8

========================================================================
Received Import Request.
  Time since last request: 0.000020 seconds.
  path: Assets/Realistic Hail Set/Prefabs/Hail - Heavy - NoExternalForces NoGround.prefab
  artifactKey: Guid(d4946b3a36303400ca000f0ab00142e1) Importer(815301076,1909f56bfc062723c751e8b465ee728b)
Start importing Assets/Realistic Hail Set/Prefabs/Hail - Heavy - NoExternalForces NoGround.prefab using Guid(d4946b3a36303400ca000f0ab00142e1) Importer(815301076,1909f56bfc062723c751e8b465ee728b) (PreviewImporter) -> (artifact id: '050012d2b0d3a1452c1cbc5189d1ba5e') in 0.0108184 seconds
Number of updated asset objects reloaded before import = 0Number of asset objects unloaded after import = 8

========================================================================
Received Import Request.
  Time since last request: 1.225516 seconds.
  path: Assets/Realistic Hail Set/Materials/Particle - Med.mat
  artifactKey: Guid(6075279b93062439193840ae931d0aed) Importer(815301076,1909f56bfc062723c751e8b465ee728b)
Start importing Assets/Realistic Hail Set/Materials/Particle - Med.mat using Guid(6075279b93062439193840ae931d0aed) Importer(815301076,1909f56bfc062723c751e8b465ee728b) (PreviewImporter) -> (artifact id: 'b2c0a3c32a1964e4c9a605aca7aea7db') in 0.0398639 seconds
Number of updated asset objects reloaded before import = 0Number of asset objects unloaded after import = 2

========================================================================
Received Import Request.
  Time since last request: 0.072861 seconds.
  path: Assets/Realistic Hail Set/Prefabs/Hail - Soft - NoExternalForces NoGround.prefab
  artifactKey: Guid(faa016b8b9d3f46989744f35b83082cf) Importer(815301076,1909f56bfc062723c751e8b465ee728b)
Start importing Assets/Realistic Hail Set/Prefabs/Hail - Soft - NoExternalForces NoGround.prefab using Guid(faa016b8b9d3f46989744f35b83082cf) Importer(815301076,1909f56bfc062723c751e8b465ee728b) (PreviewImporter) -> (artifact id: '308e1089947ad8a7bdbe5d2051ed33ce') in 0.0077345 seconds
Number of updated asset objects reloaded before import = 0Number of asset objects unloaded after import = 8

========================================================================
Received Import Request.
  Time since last request: 0.770865 seconds.
  path: Assets/Realistic Hail Set/Prefabs/Hail - Medium - NoExternalForces NoGround.prefab
  artifactKey: Guid(a8bd04928e60641268098ee44728b282) Importer(815301076,1909f56bfc062723c751e8b465ee728b)
Start importing Assets/Realistic Hail Set/Prefabs/Hail - Medium - NoExternalForces NoGround.prefab using Guid(a8bd04928e60641268098ee44728b282) Importer(815301076,1909f56bfc062723c751e8b465ee728b) (PreviewImporter) -> (artifact id: 'e56fb50dd933f820d2a400c6a0bba641') in 0.0083162 seconds
Number of updated asset objects reloaded before import = 0Number of asset objects unloaded after import = 8

========================================================================
Received Import Request.
  Time since last request: 0.674154 seconds.
  path: Assets/Realistic Hail Set/Prefabs/Hail - Medium - NoGround.prefab
  artifactKey: Guid(d4a05104d1cac46d48fd2fdf0685fbf8) Importer(815301076,1909f56bfc062723c751e8b465ee728b)
Start importing Assets/Realistic Hail Set/Prefabs/Hail - Medium - NoGround.prefab using Guid(d4a05104d1cac46d48fd2fdf0685fbf8) Importer(815301076,1909f56bfc062723c751e8b465ee728b) (PreviewImporter) -> (artifact id: 'ff752404b69945244ff153169a6909fd') in 0.0079153 seconds
Number of updated asset objects reloaded before import = 0Number of asset objects unloaded after import = 8

========================================================================
Received Import Request.
  Time since last request: 3.278293 seconds.
  path: Assets/Realistic Hail Set/Prefabs/Hail - Medium - NoExternalForces.prefab
  artifactKey: Guid(a5d85d4aae15646ac9e09fa27c16ee50) Importer(815301076,1909f56bfc062723c751e8b465ee728b)
Start importing Assets/Realistic Hail Set/Prefabs/Hail - Medium - NoExternalForces.prefab using Guid(a5d85d4aae15646ac9e09fa27c16ee50) Importer(815301076,1909f56bfc062723c751e8b465ee728b) (PreviewImporter) -> (artifact id: '0124467d9fcb93d8a355d5bc5cf12edb') in 0.0088122 seconds
Number of updated asset objects reloaded before import = 0Number of asset objects unloaded after import = 8

========================================================================
Received Import Request.
  Time since last request: 0.980004 seconds.
  path: Assets/Realistic Hail Set/Prefabs/Hail - Soft - NoGround.prefab
  artifactKey: Guid(860341fea059b4058a140f4b9c81947c) Importer(815301076,1909f56bfc062723c751e8b465ee728b)
Start importing Assets/Realistic Hail Set/Prefabs/Hail - Soft - NoGround.prefab using Guid(860341fea059b4058a140f4b9c81947c) Importer(815301076,1909f56bfc062723c751e8b465ee728b) (PreviewImporter) -> (artifact id: 'dcb6bdfea9cd8ec1e78a23f8b0105b11') in 0.0078813 seconds
Number of updated asset objects reloaded before import = 0Number of asset objects unloaded after import = 8

========================================================================
Received Import Request.
  Time since last request: 1.993306 seconds.
  path: Assets/Realistic Hail Set/Prefabs/Hail - Soft - NoExternalForces.prefab
  artifactKey: Guid(5badd1c20b11e485886819f781ece5c6) Importer(815301076,1909f56bfc062723c751e8b465ee728b)
Start importing Assets/Realistic Hail Set/Prefabs/Hail - Soft - NoExternalForces.prefab using Guid(5badd1c20b11e485886819f781ece5c6) Importer(815301076,1909f56bfc062723c751e8b465ee728b) (PreviewImporter) -> (artifact id: 'b91b4b84b626dd1b1f39b80a3513d719') in 0.0086872 seconds
Number of updated asset objects reloaded before import = 0Number of asset objects unloaded after import = 8

========================================================================
Received Import Request.
  Time since last request: 15.720002 seconds.
  path: Assets/StreamingAssets
  artifactKey: Guid(b413f997fa5e17e41860eda92166079a) Importer(815301076,1909f56bfc062723c751e8b465ee728b)
Start importing Assets/StreamingAssets using Guid(b413f997fa5e17e41860eda92166079a) Importer(815301076,1909f56bfc062723c751e8b465ee728b) (PreviewImporter) -> (artifact id: '364732d4b5d1061892e28b2a3cd8a017') in 0.0008124 seconds
Number of updated asset objects reloaded before import = 0Number of asset objects unloaded after import = 0

========================================================================
Received Import Request.
  Time since last request: 49.245647 seconds.
  path: Assets/Stylize Snow Texture/Materials
  artifactKey: Guid(855350d72edd5b546aba24877b32789a) Importer(815301076,1909f56bfc062723c751e8b465ee728b)
Start importing Assets/Stylize Snow Texture/Materials using Guid(855350d72edd5b546aba24877b32789a) Importer(815301076,1909f56bfc062723c751e8b465ee728b) (PreviewImporter) -> (artifact id: 'c4d745cbfddb0071b89e9d733538d68a') in 0.0011963 seconds
Number of updated asset objects reloaded before import = 0Number of asset objects unloaded after import = 0

========================================================================
Received Import Request.
  Time since last request: 0.047175 seconds.
  path: Assets/Stylize Snow Texture/Materials/Stylize Snow.mat
  artifactKey: Guid(eff9bd1fc3971e7499e63b512110dfef) Importer(815301076,1909f56bfc062723c751e8b465ee728b)
Start importing Assets/Stylize Snow Texture/Materials/Stylize Snow.mat using Guid(eff9bd1fc3971e7499e63b512110dfef) Importer(815301076,1909f56bfc062723c751e8b465ee728b) (PreviewImporter) -> (artifact id: 'a15130cbc8df2d07a7add86807425a5a') in 0.3431681 seconds
Number of updated asset objects reloaded before import = 0Number of asset objects unloaded after import = 5

========================================================================
Received Import Request.
  Time since last request: 0.000025 seconds.
  path: Assets/Stylize Snow Texture/Materials/Stylize Snow Diffuse.mat
  artifactKey: Guid(c34307182ac2cb948a6c9fc586756e14) Importer(815301076,1909f56bfc062723c751e8b465ee728b)
Start importing Assets/Stylize Snow Texture/Materials/Stylize Snow Diffuse.mat using Guid(c34307182ac2cb948a6c9fc586756e14) Importer(815301076,1909f56bfc062723c751e8b465ee728b) (PreviewImporter) -> (artifact id: 'd45e6b77349a55a664aaae1af96d77cb') in 0.1136308 seconds
Number of updated asset objects reloaded before import = 0Number of asset objects unloaded after import = 2

========================================================================
Received Import Request.
  Time since last request: 5.785788 seconds.
  path: Assets/Stylize Snow Texture/Textures
  artifactKey: Guid(70867da6bf5f23744b22677a580e0ad7) Importer(815301076,1909f56bfc062723c751e8b465ee728b)
Start importing Assets/Stylize Snow Texture/Textures using Guid(70867da6bf5f23744b22677a580e0ad7) Importer(815301076,1909f56bfc062723c751e8b465ee728b) (PreviewImporter) -> (artifact id: 'f6939e37985991f61bcf97ac7fb354c3') in 0.0006969 seconds
Number of updated asset objects reloaded before import = 0Number of asset objects unloaded after import = 0

========================================================================
Received Import Request.
  Time since last request: 0.038898 seconds.
  path: Assets/Stylize Snow Texture/Textures/Vol_22_4_Ambient_Occlusion.png
  artifactKey: Guid(6c2e0a6a1421a3e48823d0e3b2c7f2b9) Importer(815301076,1909f56bfc062723c751e8b465ee728b)
Start importing Assets/Stylize Snow Texture/Textures/Vol_22_4_Ambient_Occlusion.png using Guid(6c2e0a6a1421a3e48823d0e3b2c7f2b9) Importer(815301076,1909f56bfc062723c751e8b465ee728b) (PreviewImporter) -> (artifact id: '87102adc1c0646f476efb8225cca0168') in 0.0297263 seconds
Number of updated asset objects reloaded before import = 0Number of asset objects unloaded after import = 2

========================================================================
Received Import Request.
  Time since last request: 0.000161 seconds.
  path: Assets/Stylize Snow Texture/Textures/Vol_22_4_Base_Color.png
  artifactKey: Guid(9b9564cd828b001479f30f7b519ef809) Importer(815301076,1909f56bfc062723c751e8b465ee728b)
Start importing Assets/Stylize Snow Texture/Textures/Vol_22_4_Base_Color.png using Guid(9b9564cd828b001479f30f7b519ef809) Importer(815301076,1909f56bfc062723c751e8b465ee728b) (PreviewImporter) -> (artifact id: 'b349ec2b90b1d0aaf2e674218678081e') in 0.0206744 seconds
Number of updated asset objects reloaded before import = 0Number of asset objects unloaded after import = 2

========================================================================
Received Import Request.
  Time since last request: 0.000016 seconds.
  path: Assets/Stylize Snow Texture/Textures/Vol_22_4_Normal.png
  artifactKey: Guid(3a5de69d8ecd71b439f9fb6e2057372d) Importer(815301076,1909f56bfc062723c751e8b465ee728b)
Start importing Assets/Stylize Snow Texture/Textures/Vol_22_4_Normal.png using Guid(3a5de69d8ecd71b439f9fb6e2057372d) Importer(815301076,1909f56bfc062723c751e8b465ee728b) (PreviewImporter) -> (artifact id: '44c1f58ab0fb1c76dcacfeae478b56ab') in 0.0276018 seconds
Number of updated asset objects reloaded before import = 0Number of asset objects unloaded after import = 2

========================================================================
Received Import Request.
  Time since last request: 0.000022 seconds.
  path: Assets/Stylize Snow Texture/Textures/Vol_22_4_Roughness.png
  artifactKey: Guid(a733a7f5f5241414ea8bcacb27cbc2a8) Importer(815301076,1909f56bfc062723c751e8b465ee728b)
Start importing Assets/Stylize Snow Texture/Textures/Vol_22_4_Roughness.png using Guid(a733a7f5f5241414ea8bcacb27cbc2a8) Importer(815301076,1909f56bfc062723c751e8b465ee728b) (PreviewImporter) -> (artifact id: 'd9e3dd9d435cf79df90f4b7662845b73') in 0.0181532 seconds
Number of updated asset objects reloaded before import = 0Number of asset objects unloaded after import = 2

========================================================================
Received Import Request.
  Time since last request: 0.000019 seconds.
  path: Assets/Stylize Snow Texture/Textures/Vol_22_4_Height.png
  artifactKey: Guid(30739d4f17365bb42956979fd7f132b4) Importer(815301076,1909f56bfc062723c751e8b465ee728b)
Start importing Assets/Stylize Snow Texture/Textures/Vol_22_4_Height.png using Guid(30739d4f17365bb42956979fd7f132b4) Importer(815301076,1909f56bfc062723c751e8b465ee728b) (PreviewImporter) -> (artifact id: '512e7dd4a1ca42c5991194d8ad46df6e') in 0.0195053 seconds
Number of updated asset objects reloaded before import = 0Number of asset objects unloaded after import = 2

========================================================================
Received Prepare
Begin MonoManager ReloadAssembly
- Loaded All Assemblies, in  1.000 seconds
Refreshing native plugins compatible for Editor in 2.98 ms, found 6 plugins.
Native extension for WindowsStandalone target not found
Native extension for WebGL target not found
[Package Manager] Failed to launch server process. Reason: Unity was launched with the -noUpm command-line argument
[Package Manager] Unable to send message (not connected to server process).
[Package Manager] Cannot connect to Unity Package Manager local server
Mono: successfully reloaded assembly
[Package Manager] Failed to launch server process. Reason: Unity was launched with the -noUpm command-line argument
[Package Manager] Unable to send message (not connected to server process).
[Package Manager] Cannot connect to Unity Package Manager local server
- Finished resetting the current domain, in  0.725 seconds
Domain Reload Profiling: 1725ms
	BeginReloadAssembly (252ms)
		ExecutionOrderSort (0ms)
		DisableScriptedObjects (7ms)
		BackupInstance (0ms)
		ReleaseScriptingObjects (0ms)
		CreateAndSetChildDomain (60ms)
	RebuildCommonClasses (50ms)
	RebuildNativeTypeToScriptingClass (18ms)
	initialDomainReloadingComplete (34ms)
	LoadAllAssembliesAndSetupDomain (645ms)
		LoadAssemblies (406ms)
		RebuildTransferFunctionScriptingTraits (0ms)
		AnalyzeDomain (379ms)
			TypeCache.Refresh (9ms)
				TypeCache.ScanAssembly (0ms)
			BuildScriptInfoCaches (356ms)
			ResolveRequiredComponents (11ms)
	FinalizeReload (726ms)
		ReleaseScriptCaches (0ms)
		RebuildScriptCaches (0ms)
		SetupLoadedEditorAssemblies (582ms)
			LogAssemblyErrors (0ms)
			InitializePlatformSupportModulesInManaged (3ms)
			SetLoadedEditorAssemblies (6ms)
			BeforeProcessingInitializeOnLoad (65ms)
			ProcessInitializeOnLoadAttributes (471ms)
			ProcessInitializeOnLoadMethodAttributes (27ms)
			AfterProcessingInitializeOnLoad (9ms)
			EditorAssembliesLoaded (0ms)
		ExecutionOrderSort2 (0ms)
		AwakeInstancesAfterBackupRestoration (8ms)
Refreshing native plugins compatible for Editor in 3.51 ms, found 6 plugins.
Preloading 0 native plugins for Editor in 0.00 ms.
Unloading 0 Unused Serialized files (Serialized files now loaded: 0)
Unloading 3970 unused Assets / (1.2 MB). Loaded Objects now: 4535.
Memory consumption went from 90.2 MB to 89.0 MB.
Total: 8.153600 ms (FindLiveObjects: 0.613700 ms CreateObjectMapping: 0.581200 ms MarkObjects: 5.613600 ms  DeleteObjects: 1.343400 ms)

Prepare: number of updated asset objects reloaded= 0
========================================================================
Received Prepare
Refreshing native plugins compatible for Editor in 8.83 ms, found 6 plugins.
Preloading 0 native plugins for Editor in 0.00 ms.
Unloading 0 Unused Serialized files (Serialized files now loaded: 0)
Unloading 3969 unused Assets / (1.3 MB). Loaded Objects now: 4530.
Memory consumption went from 90.3 MB to 89.0 MB.
Total: 15.547700 ms (FindLiveObjects: 0.733100 ms CreateObjectMapping: 3.032400 ms MarkObjects: 8.940400 ms  DeleteObjects: 2.839500 ms)

Prepare: number of updated asset objects reloaded= 0
========================================================================
Received Prepare
Begin MonoManager ReloadAssembly
- Loaded All Assemblies, in  0.780 seconds
Refreshing native plugins compatible for Editor in 2.63 ms, found 6 plugins.
Native extension for WindowsStandalone target not found
Native extension for WebGL target not found
[Package Manager] Failed to launch server process. Reason: Unity was launched with the -noUpm command-line argument
[Package Manager] Unable to send message (not connected to server process).
[Package Manager] Cannot connect to Unity Package Manager local server
Mono: successfully reloaded assembly
[Package Manager] Failed to launch server process. Reason: Unity was launched with the -noUpm command-line argument
[Package Manager] Unable to send message (not connected to server process).
[Package Manager] Cannot connect to Unity Package Manager local server
- Finished resetting the current domain, in  0.732 seconds
Domain Reload Profiling: 1511ms
	BeginReloadAssembly (240ms)
		ExecutionOrderSort (0ms)
		DisableScriptedObjects (6ms)
		BackupInstance (0ms)
		ReleaseScriptingObjects (0ms)
		CreateAndSetChildDomain (52ms)
	RebuildCommonClasses (44ms)
	RebuildNativeTypeToScriptingClass (17ms)
	initialDomainReloadingComplete (31ms)
	LoadAllAssembliesAndSetupDomain (446ms)
		LoadAssemblies (361ms)
		RebuildTransferFunctionScriptingTraits (0ms)
		AnalyzeDomain (216ms)
			TypeCache.Refresh (9ms)
				TypeCache.ScanAssembly (1ms)
			BuildScriptInfoCaches (195ms)
			ResolveRequiredComponents (9ms)
	FinalizeReload (732ms)
		ReleaseScriptCaches (0ms)
		RebuildScriptCaches (0ms)
		SetupLoadedEditorAssemblies (588ms)
			LogAssemblyErrors (0ms)
			InitializePlatformSupportModulesInManaged (3ms)
			SetLoadedEditorAssemblies (6ms)
			BeforeProcessingInitializeOnLoad (60ms)
			ProcessInitializeOnLoadAttributes (483ms)
			ProcessInitializeOnLoadMethodAttributes (27ms)
			AfterProcessingInitializeOnLoad (9ms)
			EditorAssembliesLoaded (0ms)
		ExecutionOrderSort2 (0ms)
		AwakeInstancesAfterBackupRestoration (7ms)
Refreshing native plugins compatible for Editor in 4.18 ms, found 6 plugins.
Preloading 0 native plugins for Editor in 0.00 ms.
Unloading 0 Unused Serialized files (Serialized files now loaded: 0)
Unloading 3977 unused Assets / (1.2 MB). Loaded Objects now: 4543.
Memory consumption went from 90.2 MB to 89.0 MB.
Total: 7.079800 ms (FindLiveObjects: 0.569500 ms CreateObjectMapping: 0.661400 ms MarkObjects: 4.513000 ms  DeleteObjects: 1.333800 ms)

Prepare: number of updated asset objects reloaded= 0
========================================================================
Received Prepare
Begin MonoManager ReloadAssembly
- Loaded All Assemblies, in  0.925 seconds
Refreshing native plugins compatible for Editor in 3.82 ms, found 6 plugins.
Native extension for WindowsStandalone target not found
Native extension for WebGL target not found
[Package Manager] Failed to launch server process. Reason: Unity was launched with the -noUpm command-line argument
[Package Manager] Unable to send message (not connected to server process).
[Package Manager] Cannot connect to Unity Package Manager local server
Mono: successfully reloaded assembly
[Package Manager] Failed to launch server process. Reason: Unity was launched with the -noUpm command-line argument
[Package Manager] Unable to send message (not connected to server process).
[Package Manager] Cannot connect to Unity Package Manager local server
- Finished resetting the current domain, in  1.582 seconds
Domain Reload Profiling: 2506ms
	BeginReloadAssembly (247ms)
		ExecutionOrderSort (0ms)
		DisableScriptedObjects (7ms)
		BackupInstance (0ms)
		ReleaseScriptingObjects (0ms)
		CreateAndSetChildDomain (60ms)
	RebuildCommonClasses (48ms)
	RebuildNativeTypeToScriptingClass (17ms)
	initialDomainReloadingComplete (34ms)
	LoadAllAssembliesAndSetupDomain (577ms)
		LoadAssemblies (416ms)
		RebuildTransferFunctionScriptingTraits (0ms)
		AnalyzeDomain (296ms)
			TypeCache.Refresh (7ms)
				TypeCache.ScanAssembly (0ms)
			BuildScriptInfoCaches (276ms)
			ResolveRequiredComponents (10ms)
	FinalizeReload (1582ms)
		ReleaseScriptCaches (0ms)
		RebuildScriptCaches (0ms)
		SetupLoadedEditorAssemblies (1418ms)
			LogAssemblyErrors (0ms)
			InitializePlatformSupportModulesInManaged (4ms)
			SetLoadedEditorAssemblies (6ms)
			BeforeProcessingInitializeOnLoad (62ms)
			ProcessInitializeOnLoadAttributes (1306ms)
			ProcessInitializeOnLoadMethodAttributes (30ms)
			AfterProcessingInitializeOnLoad (10ms)
			EditorAssembliesLoaded (0ms)
		ExecutionOrderSort2 (0ms)
		AwakeInstancesAfterBackupRestoration (7ms)
Refreshing native plugins compatible for Editor in 4.05 ms, found 6 plugins.
Preloading 0 native plugins for Editor in 0.00 ms.
Unloading 0 Unused Serialized files (Serialized files now loaded: 0)
Unloading 3977 unused Assets / (1.4 MB). Loaded Objects now: 4544.
Memory consumption went from 90.2 MB to 88.9 MB.
Total: 22.056500 ms (FindLiveObjects: 0.584600 ms CreateObjectMapping: 1.173800 ms MarkObjects: 18.161100 ms  DeleteObjects: 2.135300 ms)

Prepare: number of updated asset objects reloaded= 0
========================================================================
Received Import Request.
  Time since last request: 398.335508 seconds.
  path: Assets/copy
  artifactKey: Guid(8ff6459f6eb086d4e9c2d44f1b77287b) Importer(815301076,1909f56bfc062723c751e8b465ee728b)
Start importing Assets/copy using Guid(8ff6459f6eb086d4e9c2d44f1b77287b) Importer(815301076,1909f56bfc062723c751e8b465ee728b) (PreviewImporter) -> (artifact id: '82ab6a256fb3fd49dbeed9e35fbe2640') in 0.0081174 seconds
Number of updated asset objects reloaded before import = 0Number of asset objects unloaded after import = 0

========================================================================
Received Import Request.
  Time since last request: 0.330119 seconds.
  path: Assets/copy/Ground.prefab
  artifactKey: Guid(12572978c5998214b9fec715f5d11f38) Importer(815301076,1909f56bfc062723c751e8b465ee728b)
Start importing Assets/copy/Ground.prefab using Guid(12572978c5998214b9fec715f5d11f38) Importer(815301076,1909f56bfc062723c751e8b465ee728b) (PreviewImporter) -> (artifact id: 'ccbcef437960f728c777c04d80a0aaa1') in 0.1406888 seconds
Number of updated asset objects reloaded before import = 0Number of asset objects unloaded after import = 12

========================================================================
Received Import Request.
  Time since last request: 62.768262 seconds.
  path: Assets/Stylize Snow Texture/Scene
  artifactKey: Guid(35c51be547b1b5149808eae4a6922fc8) Importer(815301076,1909f56bfc062723c751e8b465ee728b)
Start importing Assets/Stylize Snow Texture/Scene using Guid(35c51be547b1b5149808eae4a6922fc8) Importer(815301076,1909f56bfc062723c751e8b465ee728b) (PreviewImporter) -> (artifact id: '7488051835658953e8ec32dff13105ff') in 0.0006332 seconds
Number of updated asset objects reloaded before import = 0Number of asset objects unloaded after import = 0

========================================================================
Received Import Request.
  Time since last request: 1.498619 seconds.
  path: Assets/Stylize Snow Texture/Materials/Stylize Snow.mat
  artifactKey: Guid(eff9bd1fc3971e7499e63b512110dfef) Importer(815301076,1909f56bfc062723c751e8b465ee728b)
Start importing Assets/Stylize Snow Texture/Materials/Stylize Snow.mat using Guid(eff9bd1fc3971e7499e63b512110dfef) Importer(815301076,1909f56bfc062723c751e8b465ee728b) (PreviewImporter) -> (artifact id: '7cfbc70b3bf1e3ed6527d4b53390c92c') in 0.0637209 seconds
Number of updated asset objects reloaded before import = 0Number of asset objects unloaded after import = 5

========================================================================
Received Import Request.
  Time since last request: 0.000024 seconds.
  path: Assets/Stylize Snow Texture/Materials/Vol_22_4_Ambient_Occlusion.mat
  artifactKey: Guid(10744d2c40b678349ae09d3afb905357) Importer(815301076,1909f56bfc062723c751e8b465ee728b)
Start importing Assets/Stylize Snow Texture/Materials/Vol_22_4_Ambient_Occlusion.mat using Guid(10744d2c40b678349ae09d3afb905357) Importer(815301076,1909f56bfc062723c751e8b465ee728b) (PreviewImporter) -> (artifact id: 'c448e1828d4338e0b5af2440321b0bab') in 0.2630952 seconds
Number of updated asset objects reloaded before import = 0Number of asset objects unloaded after import = 2

========================================================================
Received Import Request.
  Time since last request: 82.778162 seconds.
  path: Assets/Stylize Snow Texture/Scene/Stylize Snow.unity
  artifactKey: Guid(aea658dd0da2a4642aa873bb43974f6e) Importer(815301076,1909f56bfc062723c751e8b465ee728b)
Start importing Assets/Stylize Snow Texture/Scene/Stylize Snow.unity using Guid(aea658dd0da2a4642aa873bb43974f6e) Importer(815301076,1909f56bfc062723c751e8b465ee728b) (PreviewImporter) -> (artifact id: '558635aaf0e8cf2ebbc3d35f296eb692') in 0.0007805 seconds
Number of updated asset objects reloaded before import = 0Number of asset objects unloaded after import = 0

========================================================================
Received Import Request.
  Time since last request: 10.565472 seconds.
  path: Assets/Stylize Snow Texture/Materials/Vol_22_4_Base_Color.mat
  artifactKey: Guid(4d2939c2e5c22ab4999ef5de56ae3ca9) Importer(815301076,1909f56bfc062723c751e8b465ee728b)
Start importing Assets/Stylize Snow Texture/Materials/Vol_22_4_Base_Color.mat using Guid(4d2939c2e5c22ab4999ef5de56ae3ca9) Importer(815301076,1909f56bfc062723c751e8b465ee728b) (PreviewImporter) -> (artifact id: '258a4d8dddbc9e923ad283e993038e99') in 0.0195496 seconds
Number of updated asset objects reloaded before import = 0Number of asset objects unloaded after import = 2

========================================================================
Received Import Request.
  Time since last request: 0.000075 seconds.
  path: Assets/Stylize Snow Texture/Materials/Vol_22_4_Roughness.mat
  artifactKey: Guid(9b535045eb7e0ae4d9dc08fa04704c94) Importer(815301076,1909f56bfc062723c751e8b465ee728b)
Start importing Assets/Stylize Snow Texture/Materials/Vol_22_4_Roughness.mat using Guid(9b535045eb7e0ae4d9dc08fa04704c94) Importer(815301076,1909f56bfc062723c751e8b465ee728b) (PreviewImporter) -> (artifact id: 'ca5a3bbbaf35adfe0cf5862f7b79b488') in 0.0206797 seconds
Number of updated asset objects reloaded before import = 0Number of asset objects unloaded after import = 2

========================================================================
Received Import Request.
  Time since last request: 0.000016 seconds.
  path: Assets/Stylize Snow Texture/Materials/Vol_22_4_Normal.mat
  artifactKey: Guid(de52d8aab699222418663c65da150869) Importer(815301076,1909f56bfc062723c751e8b465ee728b)
Start importing Assets/Stylize Snow Texture/Materials/Vol_22_4_Normal.mat using Guid(de52d8aab699222418663c65da150869) Importer(815301076,1909f56bfc062723c751e8b465ee728b) (PreviewImporter) -> (artifact id: 'f70e7c2d4263e9afc0b1c8a3e94db168') in 0.0226405 seconds
Number of updated asset objects reloaded before import = 0Number of asset objects unloaded after import = 2

========================================================================
Received Import Request.
  Time since last request: 0.000029 seconds.
  path: Assets/Stylize Snow Texture/Materials/Vol_22_4_Height.mat
  artifactKey: Guid(fd8d5318de9896246aeb67f26ebe56b2) Importer(815301076,1909f56bfc062723c751e8b465ee728b)
Start importing Assets/Stylize Snow Texture/Materials/Vol_22_4_Height.mat using Guid(fd8d5318de9896246aeb67f26ebe56b2) Importer(815301076,1909f56bfc062723c751e8b465ee728b) (PreviewImporter) -> (artifact id: '0e1d82ca3a098dd48539d464bc5ce0aa') in 0.0181194 seconds
Number of updated asset objects reloaded before import = 0Number of asset objects unloaded after import = 2

========================================================================
Received Import Request.
  Time since last request: 115.610928 seconds.
  path: Assets/copy/Ground.prefab
  artifactKey: Guid(12572978c5998214b9fec715f5d11f38) Importer(815301076,1909f56bfc062723c751e8b465ee728b)
Start importing Assets/copy/Ground.prefab using Guid(12572978c5998214b9fec715f5d11f38) Importer(815301076,1909f56bfc062723c751e8b465ee728b) (PreviewImporter) -> (artifact id: 'd69f73f8625727c345e429233ab73b2a') in 0.0203957 seconds
Number of updated asset objects reloaded before import = 0Number of asset objects unloaded after import = 9

========================================================================
Received Import Request.
  Time since last request: 18.781547 seconds.
  path: Assets/Resources
  artifactKey: Guid(508689675144b4144af5c3cbd6108c95) Importer(815301076,1909f56bfc062723c751e8b465ee728b)
Start importing Assets/Resources using Guid(508689675144b4144af5c3cbd6108c95) Importer(815301076,1909f56bfc062723c751e8b465ee728b) (PreviewImporter) -> (artifact id: '13daee0431e55f302b35d9cae8de7c02') in 0.0006461 seconds
Number of updated asset objects reloaded before import = 0Number of asset objects unloaded after import = 0

========================================================================
Received Import Request.
  Time since last request: 1.017824 seconds.
  path: Assets/Resources/Sounds
  artifactKey: Guid(8784389ef041f134182cc5a39c434813) Importer(815301076,1909f56bfc062723c751e8b465ee728b)
Start importing Assets/Resources/Sounds using Guid(8784389ef041f134182cc5a39c434813) Importer(815301076,1909f56bfc062723c751e8b465ee728b) (PreviewImporter) -> (artifact id: '7107e29c7459511906d40bdd65222ce0') in 0.0006935 seconds
Number of updated asset objects reloaded before import = 0Number of asset objects unloaded after import = 0

========================================================================
Received Import Request.
  Time since last request: 0.050796 seconds.
  path: Assets/Resources/Sounds/iceBGM.mp3
  artifactKey: Guid(4a3b3ea41569ae84691c71ad287c0f12) Importer(815301076,1909f56bfc062723c751e8b465ee728b)
Start importing Assets/Resources/Sounds/iceBGM.mp3 using Guid(4a3b3ea41569ae84691c71ad287c0f12) Importer(815301076,1909f56bfc062723c751e8b465ee728b) (PreviewImporter) -> (artifact id: '826795377f94c13d026a60f8087cd521') in 0.0528555 seconds
Number of updated asset objects reloaded before import = 0Number of asset objects unloaded after import = 2

========================================================================
Received Import Request.
  Time since last request: 3.599453 seconds.
  path: Assets/copy/BGMAudioSource.prefab
  artifactKey: Guid(3fa570e39472c504d8d868b84d1a29c2) Importer(815301076,1909f56bfc062723c751e8b465ee728b)
Start importing Assets/copy/BGMAudioSource.prefab using Guid(3fa570e39472c504d8d868b84d1a29c2) Importer(815301076,1909f56bfc062723c751e8b465ee728b) (PreviewImporter) -> (artifact id: 'bf7e632810b346c62a6ac4db2aecb6b5') in 0.0027058 seconds
Number of updated asset objects reloaded before import = 0Number of asset objects unloaded after import = 6

